2022-07-10 10:42:38,582 INFO ******Try to reverse the data******
2022-07-10 10:42:38,583 INFO [{'key1': 'sudh', 234: [23, 45, 656]}, (234, 6657, 6), [345, 56, 87, 8, 98, 9], [23, 456, 67, 8, 78, 78], 7, 6, 5, 4, 3]
2022-07-10 10:42:38,583 INFO ******try to access 234 and 456 from the list******
2022-07-10 10:42:38,583 INFO [234, 234]
2022-07-10 10:42:38,583 INFO ******try to access 234 and 456 from the list******
2022-07-10 10:42:38,583 INFO [456]
2022-07-10 10:42:38,583 INFO ******try to extract list element from the collection******
2022-07-10 10:42:38,583 INFO [[23, 456, 67, 8, 78, 78], [345, 56, 87, 8, 98, 9], [1, 2, 3, 4], ['ineuron', 'data science ']]
2022-07-10 10:42:38,583 INFO ******try to filter out specific string******
2022-07-10 10:42:38,584 INFO ['sudh', 'sudh']
2022-07-10 10:42:38,584 INFO ******try to filter out specific string******
2022-07-10 10:42:38,584 INFO ['ineuron', 'ineuron']
2022-07-10 10:42:38,584 INFO ******filter out all the string data******
2022-07-10 10:42:38,584 INFO ['k1', 'sudh', 'k2', 'ineuron', 'k3', 'kumar', 'ineuron', 'data science ']
2022-07-10 10:42:38,584 INFO ******try to extract the tuple entities******
2022-07-10 10:42:38,584 INFO [(2, 3, 4, 5, 6), (3, 4, 5, 6, 7)]
2022-07-10 10:42:38,584 INFO ******try to extract dict entities******
2022-07-10 10:42:38,585 INFO [{'k1': 'sudh', 'k2': 'ineuron', 'k3': 'kumar', 3: 6, 7: 8}]
2022-07-10 10:42:38,585 INFO ******try to list out key elements from the dictionary under the list******
2022-07-10 10:42:38,585 INFO ['key1', 234]
2022-07-10 10:42:38,585 INFO ******try to list out values of dictionary under the list******
2022-07-10 10:42:38,585 INFO ['sudh', [23, 45, 656]]
2022-07-10 10:42:38,585 INFO ******try to extract numerical entities******
2022-07-10 10:42:38,585 INFO [1, 2, 3, 4, 2, 3, 4, 5, 6, 3, 4, 5, 6, 7, 45, 4, 5, 23, 3, 6, 7, 8]
2022-07-10 10:42:38,585 INFO ******try to sum up the numerical entities******
2022-07-10 10:42:38,585 INFO 156
2022-07-10 10:42:38,585 INFO ******filter out odd values from numeric values******
2022-07-10 10:42:38,585 INFO [1, 3, 3, 5, 3, 5, 7, 45, 5, 23, 3, 7]
2022-07-10 10:42:38,585 INFO ******try to find multiplication of numerical data******
2022-07-10 10:42:38,585 INFO 908605071360000
2022-07-10 10:42:38,585 INFO *******try to print occurences of all the data******* 
2022-07-10 10:42:38,585 INFO {dict}
2022-07-10 10:42:38,585 INFO {1: 1, 2: 2, 3: 4, 4: 4, 5: 3, 6: 3, 7: 2, 'kumar': 1, 8: 1, 'sudh': 1, 45: 1, 'k2': 1, 'k3': 1, 'data science ': 1, 23: 1, 'ineuron': 2, 'k1': 1}
2022-07-10 10:42:38,585 INFO ******find out number of keys in dict******
2022-07-10 10:42:38,586 INFO 5
2022-07-10 10:42:38,586 INFO *******filter out alphanum data******
2022-07-10 10:42:38,586 INFO ['k1', 'sudh', 'k2', 'ineuron', 'k3', 'kumar', 'ineuron']
2022-07-10 10:42:38,586 INFO *******try to print 1st pattern of 3rd task*******
2022-07-10 10:42:38,586 INFO ineuron
2022-07-10 10:42:38,586 INFO ineuron ineuron
2022-07-10 10:42:38,586 INFO ineuron ineuron ineuron
2022-07-10 10:42:38,586 INFO ineuron ineuron ineuron ineuron
2022-07-10 10:42:38,586 INFO None
2022-07-10 10:42:38,586 INFO *******try to print 2nd pattern of 3rd task*******
2022-07-10 10:42:38,587 INFO                               
2022-07-10 10:42:38,587 INFO            ineuron
2022-07-10 10:42:38,587 INFO         ineuron ineuron
2022-07-10 10:42:38,587 INFO     ineuron ineuron ineuron
2022-07-10 10:42:38,587 INFO         ineuron ineuron
2022-07-10 10:42:38,587 INFO            ineuron
2022-07-10 10:42:38,587 INFO None
2022-07-10 10:42:38,587 INFO ******try to print star pattern using while loop from task 4******
2022-07-10 10:42:38,587 INFO * 
2022-07-10 10:42:38,587 INFO * * 
2022-07-10 10:42:38,587 INFO * * * 
2022-07-10 10:42:38,587 INFO * * * * 
2022-07-10 10:42:38,587 INFO * * * * * 
2022-07-10 10:42:38,587 INFO * * * * * * 
2022-07-10 10:42:38,588 INFO * * * * * * * 
2022-07-10 10:42:38,588 INFO * * * * * * * * 
2022-07-10 10:42:38,588 INFO * * * * * * * * * 
2022-07-10 10:42:38,588 INFO None
2022-07-10 10:42:38,588 INFO ******try to print word pattern using while lopp from task 4******
2022-07-10 10:42:38,588 INFO 
2022-07-10 10:42:38,588 INFO  A
2022-07-10 10:42:38,588 INFO  B H
2022-07-10 10:42:38,588 INFO  C I N
2022-07-10 10:42:38,588 INFO  D J O S
2022-07-10 10:42:38,588 INFO  E K P T W
2022-07-10 10:42:38,589 INFO  F L Q U X Z
2022-07-10 10:42:38,589 INFO  G M R V Y
2022-07-10 10:42:38,589 INFO None
2022-07-10 10:42:38,589 INFO ******Try to print all the number divisible by 3 in between a range of 40 - 400******
2022-07-10 10:42:38,589 INFO [42, 45, 48, 51, 54, 57, 60, 63, 66, 69, 72, 75, 78, 81, 84, 87, 90, 93, 96, 99, 102, 105, 108, 111, 114, 117, 120, 123, 126, 129, 132, 135, 138, 141, 144, 147, 150, 153, 156, 159, 162, 165, 168, 171, 174, 177, 180, 183, 186, 189, 192, 195, 198, 201, 204, 207, 210, 213, 216, 219, 222, 225, 228, 231, 234, 237, 240, 243, 246, 249, 252, 255, 258, 261, 264, 267, 270, 273, 276, 279, 282, 285, 288, 291, 294, 297, 300, 303, 306, 309, 312, 315, 318, 321, 324, 327, 330, 333, 336, 339, 342, 345, 348, 351, 354, 357, 360, 363, 366, 369, 372, 375, 378, 381, 384, 387, 390, 393, 396, 399]
2022-07-10 10:42:38,589 INFO ******Try to filter out all the vowels form the text by using while loop******
2022-07-10 10:42:38,590 INFO ['o', 'i', 'a', 'i', 'e', 'e', 'i', 'e', 'e', 'e', 'e', 'e', 'a', 'u', 'o', 'e', 'o', 'a', 'i', 'a', 'u', 'a', 'e', 'i', 'e', 'i', 'i', 'o', 'o', 'e', 'a', 'i', 'e', 'o', 'e', 'e', 'a', 'a', 'i', 'i', 'i', 'e', 'u', 'e', 'o', 'i', 'i', 'i', 'a', 'i', 'e', 'a', 'i', 'o', 'o', 'i', 'a', 'i', 'a', 'e', 'a', 'a', 'a', 'e', 'o', 'e', 'e', 'i', 'u', 'o', 'u', 'i', 'e', 'o', 'a', 'i', 'a', 'a', 'i', 'i', 'u', 'i', 'u', 'u', 'e', 'a', 'i', 'u', 'a', 'o', 'e', 'u', 'a', 'o', 'e', 'o', 'i', 'e', 'e', 'a', 'u', 'i', 'o', 'a', 'o', 'a', 'i', 'i', 'i', 'o', 'e', 'e', 'i', 'e', 'a', 'a', 'a', 'e', 'i', 'e', 'i', 'u', 'e', 'a', 'u', 'a', 'e', 'u', 'e', 'o', 'i', 'o', 'e', 'e', 'i', 'e', 'a', 'a', 'i', 'a', 'u', 'i', 'o', 'a', 'o', 'u', 'e', 'a', 'o', 'i', 'o', 'o', 'i', 'e', 'a', 'e', 'a', 'a', 'u', 'e', 'o', 'o', 'e', 'a', 'o', 'a', 'i', 'a', 'u', 'a', 'e', 'a', 'i', 'e', 'e', 'a', 'e', 'i', 'i', 'a', 'o', 'o', 'a', 'e', 'e', 'a', 'e', 'i', 'a', 'i', 'o', 'u', 'e', 'e', 'e', 'a', 'u', 'e', 'u', 'a', 'i', 'o', 'e', 'e', 'i', 'o', 'e', 'e', 'e', 'i', 'a', 'a', 'e', 'o', 'e', 'i', 'o', 'e', 'e', 'e', 'e', 'o', 'u', 'i', 'a', 'u', 'i', 'o', 'e', 'u', 'o', 'o', 'e', 'e', 'a', 'e', 'i', 'a', 'a', 'a', 'o', 'e', 'i', 'i', 'o', 'a', 'i', 'o', 'o', 'e', 'e', 'a', 'a', 'o', 'a', 'i', 'e', 'i', 'e', 'a', 'i', 'e', 'e', 'i', 'o', 'o', 'a', 'i', 'o', 'i', 'u', 'e', 'i', 'e', 'i', 'o', 'i', 'o', 'o', 'i', 'e', 'a', 'a', 'o', 'e', 'o', 'e', 'o', 'o', 'u', 'a', 'o', 'a', 'i', 'a', 'u', 'a', 'e']
2022-07-10 10:42:38,590 INFO ******Try to generate all the even number between 1- 1000******
2022-07-10 10:42:38,590 INFO [2, 4, 6, 8, 10, 12, 14, 16, 18, 20, 22, 24, 26, 28, 30, 32, 34, 36, 38, 40, 42, 44, 46, 48, 50, 52, 54, 56, 58, 60, 62, 64, 66, 68, 70, 72, 74, 76, 78, 80, 82, 84, 86, 88, 90, 92, 94, 96, 98, 100, 102, 104, 106, 108, 110, 112, 114, 116, 118, 120, 122, 124, 126, 128, 130, 132, 134, 136, 138, 140, 142, 144, 146, 148, 150, 152, 154, 156, 158, 160, 162, 164, 166, 168, 170, 172, 174, 176, 178, 180, 182, 184, 186, 188, 190, 192, 194, 196, 198, 200, 202, 204, 206, 208, 210, 212, 214, 216, 218, 220, 222, 224, 226, 228, 230, 232, 234, 236, 238, 240, 242, 244, 246, 248, 250, 252, 254, 256, 258, 260, 262, 264, 266, 268, 270, 272, 274, 276, 278, 280, 282, 284, 286, 288, 290, 292, 294, 296, 298, 300, 302, 304, 306, 308, 310, 312, 314, 316, 318, 320, 322, 324, 326, 328, 330, 332, 334, 336, 338, 340, 342, 344, 346, 348, 350, 352, 354, 356, 358, 360, 362, 364, 366, 368, 370, 372, 374, 376, 378, 380, 382, 384, 386, 388, 390, 392, 394, 396, 398, 400, 402, 404, 406, 408, 410, 412, 414, 416, 418, 420, 422, 424, 426, 428, 430, 432, 434, 436, 438, 440, 442, 444, 446, 448, 450, 452, 454, 456, 458, 460, 462, 464, 466, 468, 470, 472, 474, 476, 478, 480, 482, 484, 486, 488, 490, 492, 494, 496, 498, 500, 502, 504, 506, 508, 510, 512, 514, 516, 518, 520, 522, 524, 526, 528, 530, 532, 534, 536, 538, 540, 542, 544, 546, 548, 550, 552, 554, 556, 558, 560, 562, 564, 566, 568, 570, 572, 574, 576, 578, 580, 582, 584, 586, 588, 590, 592, 594, 596, 598, 600, 602, 604, 606, 608, 610, 612, 614, 616, 618, 620, 622, 624, 626, 628, 630, 632, 634, 636, 638, 640, 642, 644, 646, 648, 650, 652, 654, 656, 658, 660, 662, 664, 666, 668, 670, 672, 674, 676, 678, 680, 682, 684, 686, 688, 690, 692, 694, 696, 698, 700, 702, 704, 706, 708, 710, 712, 714, 716, 718, 720, 722, 724, 726, 728, 730, 732, 734, 736, 738, 740, 742, 744, 746, 748, 750, 752, 754, 756, 758, 760, 762, 764, 766, 768, 770, 772, 774, 776, 778, 780, 782, 784, 786, 788, 790, 792, 794, 796, 798, 800, 802, 804, 806, 808, 810, 812, 814, 816, 818, 820, 822, 824, 826, 828, 830, 832, 834, 836, 838, 840, 842, 844, 846, 848, 850, 852, 854, 856, 858, 860, 862, 864, 866, 868, 870, 872, 874, 876, 878, 880, 882, 884, 886, 888, 890, 892, 894, 896, 898, 900, 902, 904, 906, 908, 910, 912, 914, 916, 918, 920, 922, 924, 926, 928, 930, 932, 934, 936, 938, 940, 942, 944, 946, 948, 950, 952, 954, 956, 958, 960, 962, 964, 966, 968, 970, 972, 974, 976, 978, 980, 982, 984, 986, 988, 990, 992, 994, 996, 998, 1000]
